<?xml version="1.0" encoding="UTF-8"?>
<!-- Generated by org.testng.reporters.JUnitReportReporter -->
<testsuite skipped="0" hostname="Home_Laptop" name="test.DataProvidersDemo" tests="3" failures="0" timestamp="30 Nov 2022 05:53:21 GMT" time="0.002" errors="0">
  <testcase name="checkLoanCreditEligible" time="0.001" classname="test.DataProvidersDemo"/>
  <testcase name="checkLoanCreditEligible" time="0.001" classname="test.DataProvidersDemo"/>
  <testcase name="checkLoanCreditEligible" time="0.000" classname="test.DataProvidersDemo"/>
</testsuite> <!-- test.DataProvidersDemo -->
