<?xml version="1.0" encoding="UTF-8"?>
<!-- Generated by org.testng.reporters.JUnitReportReporter -->
<testsuite skipped="0" hostname="Home_Laptop" name="test.DataProviders" tests="3" failures="0" timestamp="25 Nov 2022 06:32:48 GMT" time="0.010" errors="0">
  <testcase name="amazonLogin" time="0.001" classname="test.DataProviders"/>
  <testcase name="searchProduct" time="0.000" classname="test.DataProviders"/>
  <testcase name="launchURL" time="0.009" classname="test.DataProviders"/>
</testsuite> <!-- test.DataProviders -->
