<?xml version="1.0" encoding="UTF-8"?>
<!-- Generated by org.testng.reporters.JUnitReportReporter -->
<testsuite skipped="0" hostname="Home_Laptop" name="test.PersonalLoan" tests="2" failures="0" timestamp="23 Nov 2022 13:44:11 GMT" time="0.002" errors="0">
  <testcase name="PersonalTest3" time="0.001" classname="test.PersonalLoan"/>
  <testcase name="PersonalTest1" time="0.001" classname="test.PersonalLoan"/>
</testsuite> <!-- test.PersonalLoan -->
