<?xml version="1.0" encoding="UTF-8"?>
<!-- Generated by org.testng.reporters.JUnitReportReporter -->
<testsuite skipped="0" hostname="Home_Laptop" name="test.HomeLoan" tests="2" failures="0" timestamp="23 Nov 2022 13:44:11 GMT" time="0.003" errors="0">
  <testcase name="testcase4" time="0.003" classname="test.HomeLoan"/>
  <testcase name="testcase5" time="0.000" classname="test.HomeLoan"/>
</testsuite> <!-- test.HomeLoan -->
