<?xml version="1.0" encoding="UTF-8"?>
<!-- Generated by org.testng.reporters.JUnitReportReporter -->
<testsuite skipped="0" hostname="Home_Laptop" name="test.PersonalLoan1" tests="2" failures="0" timestamp="25 Nov 2022 05:34:23 GMT" time="0.000" errors="0">
  <testcase name="testcase2" time="0.000" classname="test.PersonalLoan1"/>
  <testcase name="printdata" time="0.000" classname="test.PersonalLoan1"/>
</testsuite> <!-- test.PersonalLoan1 -->
