<?xml version="1.0" encoding="UTF-8"?>
<!-- Generated by org.testng.reporters.JUnitReportReporter -->
<testsuite skipped="1" hostname="Home_Laptop" name="test.AdditionalTestCases" tests="8" failures="0" timestamp="30 Nov 2022 06:17:19 GMT" time="0.009" errors="0">
  <testcase name="appler" time="0.000" classname="test.AdditionalTestCases"/>
  <testcase name="CheckProduct" time="0.000" classname="test.AdditionalTestCases"/>
  <testcase name="ProductAdded" time="0.001" classname="test.AdditionalTestCases"/>
  <testcase name="boy" time="0.001" classname="test.AdditionalTestCases"/>
  <testcase name="appleb" time="0.006" classname="test.AdditionalTestCases"/>
  <testcase name="dog" time="0.001" classname="test.AdditionalTestCases"/>
  <testcase name="cat" time="0.000" classname="test.AdditionalTestCases"/>
  <testcase name="apple1" classname="test.AdditionalTestCases">
    <skipped/>
  </testcase> <!-- apple1 -->
</testsuite> <!-- test.AdditionalTestCases -->
