<?xml version="1.0" encoding="UTF-8"?>
<!-- Generated by org.testng.reporters.JUnitReportReporter -->
<testsuite skipped="0" hostname="Home_Laptop" name="test.PersonalLoan" tests="3" failures="0" timestamp="30 Nov 2022 06:17:19 GMT" time="0.010" errors="0">
  <testcase name="PersonalTest2" time="0.004" classname="test.PersonalLoan"/>
  <testcase name="PersonalTest3" time="0.002" classname="test.PersonalLoan"/>
  <testcase name="PersonalTest1" time="0.004" classname="test.PersonalLoan"/>
</testsuite> <!-- test.PersonalLoan -->
