<?xml version="1.0" encoding="UTF-8"?>
<!-- Generated by org.testng.reporters.JUnitReportReporter -->
<testsuite skipped="0" hostname="Home_Laptop" name="test.PersonalLoan1" tests="3" failures="0" timestamp="30 Nov 2022 06:17:19 GMT" time="0.013" errors="0">
  <testcase name="testcase3" time="0.002" classname="test.PersonalLoan1"/>
  <testcase name="testcase2" time="0.004" classname="test.PersonalLoan1"/>
  <testcase name="printdata" time="0.007" classname="test.PersonalLoan1"/>
</testsuite> <!-- test.PersonalLoan1 -->
