<?xml version="1.0" encoding="UTF-8"?>
<!-- Generated by org.testng.reporters.JUnitReportReporter -->
<testsuite skipped="0" hostname="Home_Laptop" name="test.PersonalLoan1" tests="1" failures="0" timestamp="23 Nov 2022 13:44:11 GMT" time="0.001" errors="0">
  <testcase name="testcase2" time="0.001" classname="test.PersonalLoan1"/>
</testsuite> <!-- test.PersonalLoan1 -->
