<?xml version="1.0" encoding="UTF-8"?>
<!-- Generated by org.testng.reporters.JUnitReportReporter -->
<testsuite skipped="0" hostname="Home_Laptop" name="test.Parametrization" tests="3" failures="0" timestamp="30 Nov 2022 05:43:01 GMT" time="0.010" errors="0">
  <testcase name="launchURL" time="0.008" classname="test.Parametrization"/>
  <testcase name="searchProduct" time="0.001" classname="test.Parametrization"/>
  <testcase name="amazonLogin" time="0.001" classname="test.Parametrization"/>
</testsuite> <!-- test.Parametrization -->
